nohup: ignoring input

  You can now view your Streamlit app in your browser.

  URL: http://0.0.0.0:8913

[0m[1;34m# Check configuration tokens[0m
[0m[1;34m# Ensure build layout[0m
[0m[1;30m# Create directory /home/unknown/.buildozer[0m
[0m[1;30m# Create directory /home/unknown/.buildozer/cache[0m
[0m[1;30m# Create directory /home/unknown/omnicommander_elite/deploy/.buildozer[0m
[0m[1;30m# Create directory /home/unknown/omnicommander_elite/deploy/.buildozer/applibs[0m
[0m[1;30m# Create directory /home/unknown/.buildozer/android/platform/android/platform[0m
[0m[1;30m# Create directory /home/unknown/omnicommander_elite/deploy/.buildozer/android/platform[0m
[0m[1;30m# Create directory /home/unknown/omnicommander_elite/deploy/.buildozer/android/app[0m
[0m[1;34m# Check configuration tokens[0m
[0m[1;34m# Preparing build[0m
[0m[1;34m# Check requirements for android[0m
[0m[1;30m# Search for Git (git)[0m
[0m[1;30m#  -> found at /usr/bin/git[0m
[0m[1;30m# Search for Cython (cython)[0m
[0m[1;31m# Cython (cython) not found, please install it.[0m
  Stopping...
